2023/08/15 14:35:53 Starting cygwin install, version 2.926
2023/08/15 14:35:53 User has backup/restore rights
2023/08/15 14:35:53 User has symlink creation right
2023/08/15 14:35:53 io_stream_cygfile: fopen(/etc/setup/setup.rc) failed 2 No such file or directory
2023/08/15 14:35:53 Current Directory: F:\Cplusplus\BEEngine\third_lib
2023/08/15 14:36:09 source: network install
2023/08/15 14:36:37 root: F:\Cplusplus\BEEngine\third_lib user
2023/08/15 14:36:37 Changing gid back to original
2023/08/15 14:36:47 Selected local directory: F:\Cplusplus\BEEngine\third_lib
2023/08/15 14:36:55 net: Preconfig
2023/08/15 14:37:26 site: https://mirrors.tencent.com/cygwin/
2023/08/15 14:37:26 connection error: 12157 fetching https://mirrors.tencent.com/cygwin/x86_64/setup.zst.sig
2023/08/15 14:37:27 connection error: 12157 fetching https://mirrors.tencent.com/cygwin/x86_64/setup.zst
2023/08/15 14:37:27 connection error: 12157 fetching https://mirrors.tencent.com/cygwin/x86_64/setup.xz.sig
2023/08/15 14:37:27 connection error: 12157 fetching https://mirrors.tencent.com/cygwin/x86_64/setup.xz
2023/08/15 14:37:27 connection error: 12157 fetching https://mirrors.tencent.com/cygwin/x86_64/setup.bz2.sig
2023/08/15 14:37:27 connection error: 12157 fetching https://mirrors.tencent.com/cygwin/x86_64/setup.bz2
2023/08/15 14:37:27 connection error: 12157 fetching https://mirrors.tencent.com/cygwin/x86_64/setup.ini.sig
2023/08/15 14:37:27 connection error: 12157 fetching https://mirrors.tencent.com/cygwin/x86_64/setup.ini
2023/08/15 14:37:27 mbox note: 无法从 setup 获取 <https://mirrors.tencent.com/cygwin/>
2023/08/15 14:37:36 mbox : Are you sure you want to exit setup? Any current download or installation will be aborted.
2023/08/15 14:37:37 io_stream_cygfile: fopen(/etc/setup/setup.rc) failed 2 No such file or directory
2023/08/15 14:37:37 Ending cygwin install
